{
  "RSpec": {
    "coverage": {
      "/vagrant/src/Chess-app/config/environment.rb": [
        null,
        1,
        null,
        null,
        1
      ],
      "/vagrant/src/Chess-app/config/application.rb": [
        1,
        null,
        1,
        null,
        null,
        null,
        1,
        null,
        1,
        1,
        null,
        null,
        null,
        null,
        null,
        null,
        null,
        null,
        null,
        null,
        null,
        null,
        null
      ],
      "/vagrant/src/Chess-app/config/boot.rb": [
        null,
        1,
        null,
        1
      ],
      "/vagrant/src/Chess-app/config/environments/test.rb": [
        1,
        null,
        null,
        null,
        null,
        null,
        null,
        1,
        null,
        null,
        null,
        null,
        1,
        null,
        null,
        1,
        1,
        null,
        null,
        1,
        1,
        null,
        null,
        1,
        null,
        null,
        1,
        null,
        null,
        null,
        null,
        1,
        null,
        null,
        1,
        null
      ],
      "/vagrant/src/Chess-app/config/initializers/backtrace_silencers.rb": [
        null,
        null,
        null,
        null,
        null,
        null,
        null
      ],
      "/vagrant/src/Chess-app/config/initializers/devise.rb": [
        null,
        null,
        1,
        null,
        null,
        null,
        null,
        null,
        null,
        null,
        null,
        null,
        null,
        null,
        1,
        null,
        null,
        null,
        null,
        null,
        null,
        null,
        null,
        1,
        null,
        null,
        null,
        null,
        null,
        null,
        null,
        null,
        null,
        null,
        null,
        null,
        null,
        null,
        null,
        null,
        null,
        null,
        null,
        null,
        null,
        1,
        null,
        null,
        null,
        null,
        1,
        null,
        null,
        null,
        null,
        null,
        null,
        null,
        null,
        null,
        null,
        null,
        null,
        null,
        null,
        null,
        null,
        null,
        null,
        null,
        null,
        null,
        null,
        null,
        null,
        null,
        null,
        null,
        null,
        null,
        null,
        1,
        null,
        null,
        null,
        null,
        null,
        null,
        null,
        null,
        null,
        null,
        null,
        null,
        null,
        null,
        null,
        null,
        1,
        null,
        null,
        null,
        null,
        null,
        null,
        null,
        null,
        null,
        null,
        null,
        null,
        null,
        null,
        null,
        null,
        null,
        null,
        null,
        null,
        null,
        null,
        null,
        null,
        null,
        null,
        null,
        1,
        null,
        null,
        null,
        null,
        null,
        null,
        null,
        null,
        null,
        1,
        null,
        null,
        null,
        null,
        null,
        null,
        null,
        null,
        null,
        null,
        1,
        null,
        null,
        null,
        null,
        null,
        null,
        null,
        null,
        null,
        null,
        null,
        null,
        null,
        null,
        null,
        null,
        null,
        null,
        null,
        null,
        null,
        null,
        null,
        null,
        null,
        null,
        null,
        null,
        null,
        null,
        null,
        null,
        null,
        null,
        null,
        null,
        null,
        null,
        null,
        null,
        null,
        null,
        null,
        null,
        null,
        1,
        null,
        null,
        null,
        null,
        null,
        null,
        null,
        null,
        null,
        null,
        null,
        null,
        null,
        null,
        null,
        null,
        null,
        null,
        null,
        null,
        null,
        null,
        null,
        null,
        null,
        null,
        null,
        null,
        null,
        null,
        null,
        null,
        null,
        null,
        null,
        null,
        null,
        null,
        null,
        null,
        null,
        1,
        null,
        null,
        null,
        null,
        null,
        null,
        null,
        null,
        null,
        null,
        null,
        null,
        null,
        null,
        null,
        null,
        null,
        null,
        null,
        null,
        null,
        null,
        null,
        null,
        null,
        null,
        null,
        null,
        null
      ],
      "/vagrant/src/Chess-app/config/initializers/filter_parameter_logging.rb": [
        null,
        null,
        null,
        1
      ],
      "/vagrant/src/Chess-app/config/initializers/high_voltage.rb": [
        1,
        null,
        null,
        null,
        1,
        null,
        null,
        1,
        null,
        null,
        1,
        null,
        null,
        null,
        null,
        null
      ],
      "/vagrant/src/Chess-app/config/initializers/inflections.rb": [
        null,
        null,
        null,
        null,
        null,
        null,
        null,
        null,
        null,
        null,
        null,
        null,
        null,
        null,
        null,
        null
      ],
      "/vagrant/src/Chess-app/config/initializers/mime_types.rb": [
        null,
        null,
        null,
        null,
        null
      ],
      "/vagrant/src/Chess-app/config/initializers/secret_token.rb": [
        null,
        null,
        null,
        null,
        null,
        null,
        null,
        null,
        null,
        null,
        null,
        1
      ],
      "/vagrant/src/Chess-app/config/initializers/session_store.rb": [
        null,
        null,
        1
      ],
      "/vagrant/src/Chess-app/config/initializers/simple_form.rb": [
        null,
        1,
        null,
        null,
        null,
        null,
        null,
        1,
        null,
        null,
        null,
        null,
        null,
        null,
        null,
        null,
        null,
        1,
        null,
        null,
        null,
        1,
        null,
        null,
        null,
        null,
        null,
        null,
        null,
        null,
        1,
        null,
        null,
        1,
        null,
        null,
        1,
        null,
        null,
        1,
        null,
        null,
        1,
        1,
        1,
        null,
        null,
        null,
        null,
        null,
        null,
        null,
        null,
        null,
        1,
        null,
        null,
        null,
        null,
        null,
        1,
        null,
        null,
        1,
        null,
        null,
        null,
        null,
        null,
        null,
        null,
        1,
        null,
        null,
        1,
        null,
        null,
        null,
        null,
        null,
        null,
        null,
        null,
        null,
        null,
        null,
        null,
        null,
        null,
        null,
        null,
        null,
        null,
        null,
        null,
        null,
        null,
        null,
        null,
        null,
        null,
        null,
        null,
        null,
        null,
        null,
        null,
        null,
        null,
        null,
        null,
        null,
        null,
        null,
        null,
        null,
        null,
        null,
        null,
        1,
        null,
        null,
        null,
        null,
        null,
        null,
        null,
        null,
        null,
        null,
        null,
        null,
        null,
        null,
        null,
        null,
        null,
        null,
        null,
        null,
        null,
        null,
        null,
        null,
        null,
        null,
        null,
        null,
        null,
        null,
        null,
        null,
        null,
        1,
        null,
        null,
        1,
        null,
        null,
        null,
        null,
        null,
        null,
        null,
        null
      ],
      "/vagrant/src/Chess-app/config/initializers/wrap_parameters.rb": [
        null,
        null,
        null,
        null,
        null,
        null,
        1,
        1,
        null,
        null,
        null,
        null,
        null,
        null
      ],
      "/vagrant/src/Chess-app/config/routes.rb": [
        1,
        1,
        null,
        null,
        1,
        1,
        null,
        null,
        1,
        null,
        null,
        null,
        null,
        null,
        null,
        null,
        null,
        null,
        null,
        null,
        null,
        null,
        null,
        null,
        null,
        null,
        null,
        null,
        null,
        null,
        null,
        null,
        null,
        null,
        null,
        null,
        null,
        null,
        null,
        null,
        null,
        null,
        null,
        null,
        null,
        null,
        null,
        null,
        null,
        null,
        null,
        null,
        null,
        null,
        null,
        null,
        null,
        null,
        null,
        null,
        null,
        null,
        null,
        null
      ],
      "/vagrant/src/Chess-app/app/models/user.rb": [
        1,
        null,
        null,
        1,
        null,
        null,
        1,
        1,
        null
      ],
      "/vagrant/src/Chess-app/app/helpers/application_helper.rb": [
        1,
        null
      ],
      "/vagrant/src/Chess-app/app/helpers/games_helper.rb": [
        1,
        null
      ],
      "/vagrant/src/Chess-app/app/helpers/static_pages_helper.rb": [
        1,
        null
      ],
      "/vagrant/src/Chess-app/app/controllers/static_pages_controller.rb": [
        null,
        1,
        1,
        1,
        null,
        1,
        1,
        0,
        null,
        1,
        null,
        null,
        null,
        1,
        null,
        null,
        null,
        null,
        null,
        1,
        1,
        null,
        null,
        1,
        1,
        null,
        null,
        null,
        null,
        null,
        null
      ],
      "/vagrant/src/Chess-app/app/controllers/application_controller.rb": [
        null,
        1,
        null,
        null,
        1,
        null
      ],
      "/vagrant/src/Chess-app/app/models/game.rb": [
        1,
        1,
        1,
        1,
        1,
        null,
        1,
        null,
        null,
        null,
        null,
        null,
        1,
        4,
        null,
        null,
        1,
        53,
        424,
        null,
        null,
        null,
        53,
        53,
        null,
        53,
        53,
        null,
        53,
        53,
        null,
        53,
        null,
        53,
        null,
        53,
        424,
        null,
        null,
        null,
        53,
        53,
        null,
        53,
        53,
        null,
        53,
        53,
        null,
        53,
        null,
        53,
        null,
        null
      ],
      "/vagrant/src/Chess-app/app/models/king.rb": [
        1,
        null,
        1,
        null,
        null,
        null,
        9,
        null,
        null
      ],
      "/vagrant/src/Chess-app/app/models/piece.rb": [
        1,
        1,
        1,
        null,
        1,
        null,
        17,
        null,
        null,
        null,
        null,
        1,
        null,
        21,
        null,
        null,
        1,
        null,
        21,
        null,
        null,
        1,
        null,
        15,
        null,
        null,
        1,
        15,
        null,
        3,
        3,
        3,
        null,
        3,
        2,
        2,
        null,
        3,
        null,
        null,
        1,
        13,
        6,
        2,
        2,
        2,
        null,
        2,
        2,
        2,
        null,
        2,
        null,
        null,
        1,
        11,
        6,
        6,
        6,
        null,
        6,
        6,
        null,
        6,
        4,
        4,
        4,
        null,
        6,
        null,
        null,
        1,
        11,
        null,
        8,
        8,
        null,
        null,
        1,
        17,
        null,
        null,
        1,
        null,
        9,
        null,
        null,
        1,
        8,
        2,
        6,
        2,
        4,
        null,
        null,
        null,
        null,
        4,
        null,
        0,
        null,
        null,
        null,
        1,
        5,
        null,
        null,
        1,
        null,
        4,
        3,
        null,
        3,
        null,
        2,
        null,
        2,
        null,
        null,
        1,
        null,
        1,
        null,
        null,
        null
      ],
      "/vagrant/src/Chess-app/app/models/pawn.rb": [
        1,
        null
      ],
      "/vagrant/src/Chess-app/app/models/rook.rb": [
        1,
        null
      ],
      "/vagrant/src/Chess-app/app/models/knight.rb": [
        1,
        null
      ],
      "/vagrant/src/Chess-app/app/models/bishop.rb": [
        1,
        null
      ],
      "/vagrant/src/Chess-app/app/models/queen.rb": [
        1,
        null
      ]
    },
    "timestamp": 1459913534
  }
}
